This file contains any messages produced by compilers while
running configure, to aid debugging if configure makes a mistake.

It was created by ldcopy configure 0.2, which was
generated by GNU Autoconf 2.69.  Invocation command line was

  $ ./configure 

## --------- ##
## Platform. ##
## --------- ##

hostname = krehel
uname -m = i686
uname -r = 3.16.0-4-686-pae
uname -s = Linux
uname -v = #1 SMP Debian 3.16.36-1+deb8u1 (2016-09-03)

/usr/bin/uname -p = unknown
/bin/uname -X     = unknown

/bin/arch              = unknown
/usr/bin/arch -k       = unknown
/usr/convex/getsysinfo = unknown
/usr/bin/hostinfo      = unknown
/bin/machine           = unknown
/usr/bin/oslevel       = unknown
/bin/universe          = unknown

PATH: /usr/local/bin
PATH: /usr/bin
PATH: /bin
PATH: /usr/games


## ----------- ##
## Core tests. ##
## ----------- ##

configure:2090: checking for a BSD-compatible install
configure:2158: result: /usr/bin/install -c
configure:2169: checking whether build environment is sane
configure:2224: result: yes
configure:2375: checking for a thread-safe mkdir -p
configure:2414: result: /bin/mkdir -p
configure:2421: checking for gawk
configure:2437: found /usr/bin/gawk
configure:2448: result: gawk
configure:2459: checking whether make sets $(MAKE)
configure:2481: result: yes
configure:2510: checking whether make supports nested variables
configure:2527: result: yes
configure:2655: checking for ldd
configure:2671: found /usr/bin/ldd
configure:2682: result: yes
configure:2695: checking for ln
configure:2711: found /bin/ln
configure:2722: result: yes
configure:2735: checking for mkdir
configure:2751: found /bin/mkdir
configure:2762: result: yes
configure:2775: checking for cp
configure:2791: found /bin/cp
configure:2802: result: yes
configure:2861: checking for gcc
configure:2877: found /usr/bin/gcc
configure:2888: result: gcc
configure:3117: checking for C compiler version
configure:3126: gcc --version >&5
gcc (Debian 4.9.2-10) 4.9.2
Copyright (C) 2014 Free Software Foundation, Inc.
This is free software; see the source for copying conditions.  There is NO
warranty; not even for MERCHANTABILITY or FITNESS FOR A PARTICULAR PURPOSE.

configure:3137: $? = 0
configure:3126: gcc -v >&5
Using built-in specs.
COLLECT_GCC=gcc
COLLECT_LTO_WRAPPER=/usr/lib/gcc/i586-linux-gnu/4.9/lto-wrapper
Target: i586-linux-gnu
Configured with: ../src/configure -v --with-pkgversion='Debian 4.9.2-10' --with-bugurl=file:///usr/share/doc/gcc-4.9/README.Bugs --enable-languages=c,c++,java,go,d,fortran,objc,obj-c++ --prefix=/usr --program-suffix=-4.9 --enable-shared --enable-linker-build-id --libexecdir=/usr/lib --without-included-gettext --enable-threads=posix --with-gxx-include-dir=/usr/include/c++/4.9 --libdir=/usr/lib --enable-nls --with-sysroot=/ --enable-clocale=gnu --enable-libstdcxx-debug --enable-libstdcxx-time=yes --enable-gnu-unique-object --disable-vtable-verify --enable-plugin --with-system-zlib --disable-browser-plugin --enable-java-awt=gtk --enable-gtk-cairo --with-java-home=/usr/lib/jvm/java-1.5.0-gcj-4.9-i386/jre --enable-java-home --with-jvm-root-dir=/usr/lib/jvm/java-1.5.0-gcj-4.9-i386 --with-jvm-jar-dir=/usr/lib/jvm-exports/java-1.5.0-gcj-4.9-i386 --with-arch-directory=i386 --with-ecj-jar=/usr/share/java/eclipse-ecj.jar --enable-objc-gc --enable-targets=all --enable-multiarch --with-arch-32=i586 --with-multilib-list=m32,m64,mx32 --enable-multilib --with-tune=generic --enable-checking=release --build=i586-linux-gnu --host=i586-linux-gnu --target=i586-linux-gnu
Thread model: posix
gcc version 4.9.2 (Debian 4.9.2-10) 
configure:3137: $? = 0
configure:3126: gcc -V >&5
gcc: error: unrecognized command line option '-V'
gcc: fatal error: no input files
compilation terminated.
configure:3137: $? = 4
configure:3126: gcc -qversion >&5
gcc: error: unrecognized command line option '-qversion'
gcc: fatal error: no input files
compilation terminated.
configure:3137: $? = 4
configure:3157: checking whether the C compiler works
configure:3179: gcc    conftest.c  >&5
configure:3183: $? = 0
configure:3231: result: yes
configure:3234: checking for C compiler default output file name
configure:3236: result: a.out
configure:3242: checking for suffix of executables
configure:3249: gcc -o conftest    conftest.c  >&5
configure:3253: $? = 0
configure:3275: result: 
configure:3297: checking whether we are cross compiling
configure:3305: gcc -o conftest    conftest.c  >&5
configure:3309: $? = 0
configure:3316: ./conftest
configure:3320: $? = 0
configure:3335: result: no
configure:3340: checking for suffix of object files
configure:3362: gcc -c   conftest.c >&5
configure:3366: $? = 0
configure:3387: result: o
configure:3391: checking whether we are using the GNU C compiler
configure:3410: gcc -c   conftest.c >&5
configure:3410: $? = 0
configure:3419: result: yes
configure:3428: checking whether gcc accepts -g
configure:3448: gcc -c -g  conftest.c >&5
configure:3448: $? = 0
configure:3489: result: yes
configure:3506: checking for gcc option to accept ISO C89
configure:3569: gcc  -c -g -O2  conftest.c >&5
configure:3569: $? = 0
configure:3582: result: none needed
configure:3607: checking whether gcc understands -c and -o together
configure:3629: gcc -c conftest.c -o conftest2.o
configure:3632: $? = 0
configure:3629: gcc -c conftest.c -o conftest2.o
configure:3632: $? = 0
configure:3644: result: yes
configure:3672: checking for style of include used by make
configure:3700: result: GNU
configure:3726: checking dependency style of gcc
configure:3837: result: gcc3
configure:3866: checking how to run the C preprocessor
configure:3897: gcc -E  conftest.c
configure:3897: $? = 0
configure:3911: gcc -E  conftest.c
conftest.c:11:28: fatal error: ac_nonexistent.h: No such file or directory
 #include <ac_nonexistent.h>
                            ^
compilation terminated.
configure:3911: $? = 1
configure: failed program was:
| /* confdefs.h */
| #define PACKAGE_NAME "ldcopy"
| #define PACKAGE_TARNAME "ldcopy"
| #define PACKAGE_VERSION "0.2"
| #define PACKAGE_STRING "ldcopy 0.2"
| #define PACKAGE_BUGREPORT "chrootlinux@krehel.sk"
| #define PACKAGE_URL ""
| #define PACKAGE "ldcopy"
| #define VERSION "0.2"
| /* end confdefs.h.  */
| #include <ac_nonexistent.h>
configure:3936: result: gcc -E
configure:3956: gcc -E  conftest.c
configure:3956: $? = 0
configure:3970: gcc -E  conftest.c
conftest.c:11:28: fatal error: ac_nonexistent.h: No such file or directory
 #include <ac_nonexistent.h>
                            ^
compilation terminated.
configure:3970: $? = 1
configure: failed program was:
| /* confdefs.h */
| #define PACKAGE_NAME "ldcopy"
| #define PACKAGE_TARNAME "ldcopy"
| #define PACKAGE_VERSION "0.2"
| #define PACKAGE_STRING "ldcopy 0.2"
| #define PACKAGE_BUGREPORT "chrootlinux@krehel.sk"
| #define PACKAGE_URL ""
| #define PACKAGE "ldcopy"
| #define VERSION "0.2"
| /* end confdefs.h.  */
| #include <ac_nonexistent.h>
configure:3999: checking for grep that handles long lines and -e
configure:4057: result: /bin/grep
configure:4062: checking for egrep
configure:4124: result: /bin/grep -E
configure:4129: checking for ANSI C header files
configure:4149: gcc -c -g -O2  conftest.c >&5
configure:4149: $? = 0
configure:4222: gcc -o conftest -g -O2   conftest.c  >&5
configure:4222: $? = 0
configure:4222: ./conftest
configure:4222: $? = 0
configure:4233: result: yes
configure:4246: checking for sys/types.h
configure:4246: gcc -c -g -O2  conftest.c >&5
configure:4246: $? = 0
configure:4246: result: yes
configure:4246: checking for sys/stat.h
configure:4246: gcc -c -g -O2  conftest.c >&5
configure:4246: $? = 0
configure:4246: result: yes
configure:4246: checking for stdlib.h
configure:4246: gcc -c -g -O2  conftest.c >&5
configure:4246: $? = 0
configure:4246: result: yes
configure:4246: checking for string.h
configure:4246: gcc -c -g -O2  conftest.c >&5
configure:4246: $? = 0
configure:4246: result: yes
configure:4246: checking for memory.h
configure:4246: gcc -c -g -O2  conftest.c >&5
configure:4246: $? = 0
configure:4246: result: yes
configure:4246: checking for strings.h
configure:4246: gcc -c -g -O2  conftest.c >&5
configure:4246: $? = 0
configure:4246: result: yes
configure:4246: checking for inttypes.h
configure:4246: gcc -c -g -O2  conftest.c >&5
configure:4246: $? = 0
configure:4246: result: yes
configure:4246: checking for stdint.h
configure:4246: gcc -c -g -O2  conftest.c >&5
configure:4246: $? = 0
configure:4246: result: yes
configure:4246: checking for unistd.h
configure:4246: gcc -c -g -O2  conftest.c >&5
configure:4246: $? = 0
configure:4246: result: yes
configure:4259: checking minix/config.h usability
configure:4259: gcc -c -g -O2  conftest.c >&5
conftest.c:54:26: fatal error: minix/config.h: No such file or directory
 #include <minix/config.h>
                          ^
compilation terminated.
configure:4259: $? = 1
configure: failed program was:
| /* confdefs.h */
| #define PACKAGE_NAME "ldcopy"
| #define PACKAGE_TARNAME "ldcopy"
| #define PACKAGE_VERSION "0.2"
| #define PACKAGE_STRING "ldcopy 0.2"
| #define PACKAGE_BUGREPORT "chrootlinux@krehel.sk"
| #define PACKAGE_URL ""
| #define PACKAGE "ldcopy"
| #define VERSION "0.2"
| #define STDC_HEADERS 1
| #define HAVE_SYS_TYPES_H 1
| #define HAVE_SYS_STAT_H 1
| #define HAVE_STDLIB_H 1
| #define HAVE_STRING_H 1
| #define HAVE_MEMORY_H 1
| #define HAVE_STRINGS_H 1
| #define HAVE_INTTYPES_H 1
| #define HAVE_STDINT_H 1
| #define HAVE_UNISTD_H 1
| /* end confdefs.h.  */
| #include <stdio.h>
| #ifdef HAVE_SYS_TYPES_H
| # include <sys/types.h>
| #endif
| #ifdef HAVE_SYS_STAT_H
| # include <sys/stat.h>
| #endif
| #ifdef STDC_HEADERS
| # include <stdlib.h>
| # include <stddef.h>
| #else
| # ifdef HAVE_STDLIB_H
| #  include <stdlib.h>
| # endif
| #endif
| #ifdef HAVE_STRING_H
| # if !defined STDC_HEADERS && defined HAVE_MEMORY_H
| #  include <memory.h>
| # endif
| # include <string.h>
| #endif
| #ifdef HAVE_STRINGS_H
| # include <strings.h>
| #endif
| #ifdef HAVE_INTTYPES_H
| # include <inttypes.h>
| #endif
| #ifdef HAVE_STDINT_H
| # include <stdint.h>
| #endif
| #ifdef HAVE_UNISTD_H
| # include <unistd.h>
| #endif
| #include <minix/config.h>
configure:4259: result: no
configure:4259: checking minix/config.h presence
configure:4259: gcc -E  conftest.c
conftest.c:21:26: fatal error: minix/config.h: No such file or directory
 #include <minix/config.h>
                          ^
compilation terminated.
configure:4259: $? = 1
configure: failed program was:
| /* confdefs.h */
| #define PACKAGE_NAME "ldcopy"
| #define PACKAGE_TARNAME "ldcopy"
| #define PACKAGE_VERSION "0.2"
| #define PACKAGE_STRING "ldcopy 0.2"
| #define PACKAGE_BUGREPORT "chrootlinux@krehel.sk"
| #define PACKAGE_URL ""
| #define PACKAGE "ldcopy"
| #define VERSION "0.2"
| #define STDC_HEADERS 1
| #define HAVE_SYS_TYPES_H 1
| #define HAVE_SYS_STAT_H 1
| #define HAVE_STDLIB_H 1
| #define HAVE_STRING_H 1
| #define HAVE_MEMORY_H 1
| #define HAVE_STRINGS_H 1
| #define HAVE_INTTYPES_H 1
| #define HAVE_STDINT_H 1
| #define HAVE_UNISTD_H 1
| /* end confdefs.h.  */
| #include <minix/config.h>
configure:4259: result: no
configure:4259: checking for minix/config.h
configure:4259: result: no
configure:4280: checking whether it is safe to define __EXTENSIONS__
configure:4298: gcc -c -g -O2  conftest.c >&5
configure:4298: $? = 0
configure:4305: result: yes
configure:4323: checking build system type
configure:4337: result: i686-pc-linux-gnu
configure:4357: checking host system type
configure:4370: result: i686-pc-linux-gnu
configure:4390: checking for working strnlen
configure:4428: gcc -o conftest -g -O2   conftest.c  >&5
configure:4428: $? = 0
configure:4428: ./conftest
configure:4428: $? = 0
configure:4438: result: yes
configure:4447: checking whether stat file-mode macros are broken
configure:4474: gcc -c -g -O2  conftest.c >&5
configure:4474: $? = 0
configure:4481: result: no
configure:4600: checking that generated files are newer than configure
configure:4606: result: done
configure:4629: creating ./config.status

## ---------------------- ##
## Running config.status. ##
## ---------------------- ##

This file was extended by ldcopy config.status 0.2, which was
generated by GNU Autoconf 2.69.  Invocation command line was

  CONFIG_FILES    = 
  CONFIG_HEADERS  = 
  CONFIG_LINKS    = 
  CONFIG_COMMANDS = 
  $ ./config.status 

on krehel

config.status:870: creating Makefile
config.status:870: creating src/Makefile
config.status:870: creating config.h
config.status:1051: config.h is unchanged
config.status:1099: executing depfiles commands

## ---------------- ##
## Cache variables. ##
## ---------------- ##

ac_cv_build=i686-pc-linux-gnu
ac_cv_c_compiler_gnu=yes
ac_cv_env_CC_set=
ac_cv_env_CC_value=
ac_cv_env_CFLAGS_set=
ac_cv_env_CFLAGS_value=
ac_cv_env_CPPFLAGS_set=
ac_cv_env_CPPFLAGS_value=
ac_cv_env_CPP_set=
ac_cv_env_CPP_value=
ac_cv_env_LDFLAGS_set=
ac_cv_env_LDFLAGS_value=
ac_cv_env_LIBS_set=
ac_cv_env_LIBS_value=
ac_cv_env_build_alias_set=
ac_cv_env_build_alias_value=
ac_cv_env_host_alias_set=
ac_cv_env_host_alias_value=
ac_cv_env_target_alias_set=
ac_cv_env_target_alias_value=
ac_cv_func_strnlen_working=yes
ac_cv_header_inttypes_h=yes
ac_cv_header_memory_h=yes
ac_cv_header_minix_config_h=no
ac_cv_header_stat_broken=no
ac_cv_header_stdc=yes
ac_cv_header_stdint_h=yes
ac_cv_header_stdlib_h=yes
ac_cv_header_string_h=yes
ac_cv_header_strings_h=yes
ac_cv_header_sys_stat_h=yes
ac_cv_header_sys_types_h=yes
ac_cv_header_unistd_h=yes
ac_cv_host=i686-pc-linux-gnu
ac_cv_objext=o
ac_cv_path_EGREP='/bin/grep -E'
ac_cv_path_GREP=/bin/grep
ac_cv_path_install='/usr/bin/install -c'
ac_cv_path_mkdir=/bin/mkdir
ac_cv_prog_AWK=gawk
ac_cv_prog_CPP='gcc -E'
ac_cv_prog_LDD_CHECK=yes
ac_cv_prog_LN_CHECK=yes
ac_cv_prog_MKDIR_CHECK=yes
ac_cv_prog_PCP_CHECK=yes
ac_cv_prog_ac_ct_CC=gcc
ac_cv_prog_cc_c89=
ac_cv_prog_cc_g=yes
ac_cv_prog_make_make_set=yes
ac_cv_safe_to_define___extensions__=yes
am_cv_CC_dependencies_compiler_type=gcc3
am_cv_make_support_nested_variables=yes
am_cv_prog_cc_c_o=yes

## ----------------- ##
## Output variables. ##
## ----------------- ##

ACLOCAL='${SHELL} /home/dusan/projects/ldcopy/missing aclocal-1.14'
AMDEPBACKSLASH='\'
AMDEP_FALSE='#'
AMDEP_TRUE=''
AMTAR='$${TAR-tar}'
AM_BACKSLASH='\'
AM_DEFAULT_V='$(AM_DEFAULT_VERBOSITY)'
AM_DEFAULT_VERBOSITY='1'
AM_V='$(V)'
AUTOCONF='${SHELL} /home/dusan/projects/ldcopy/missing autoconf'
AUTOHEADER='${SHELL} /home/dusan/projects/ldcopy/missing autoheader'
AUTOMAKE='${SHELL} /home/dusan/projects/ldcopy/missing automake-1.14'
AWK='gawk'
CC='gcc'
CCDEPMODE='depmode=gcc3'
CFLAGS='-g -O2'
CPP='gcc -E'
CPPFLAGS=''
CYGPATH_W='echo'
DEFS='-DHAVE_CONFIG_H'
DEPDIR='.deps'
ECHO_C=''
ECHO_N='-n'
ECHO_T=''
EGREP='/bin/grep -E'
EXEEXT=''
GREP='/bin/grep'
INSTALL_DATA='${INSTALL} -m 644'
INSTALL_PROGRAM='${INSTALL}'
INSTALL_SCRIPT='${INSTALL}'
INSTALL_STRIP_PROGRAM='$(install_sh) -c -s'
LDD_CHECK='yes'
LDFLAGS=''
LIBOBJS=''
LIBS=''
LN_CHECK='yes'
LTLIBOBJS=''
MAKEINFO='${SHELL} /home/dusan/projects/ldcopy/missing makeinfo'
MKDIR_CHECK='yes'
MKDIR_P='/bin/mkdir -p'
OBJEXT='o'
PACKAGE='ldcopy'
PACKAGE_BUGREPORT='chrootlinux@krehel.sk'
PACKAGE_NAME='ldcopy'
PACKAGE_STRING='ldcopy 0.2'
PACKAGE_TARNAME='ldcopy'
PACKAGE_URL=''
PACKAGE_VERSION='0.2'
PATH_SEPARATOR=':'
PCP_CHECK='yes'
SET_MAKE=''
SHELL='/bin/bash'
STRIP=''
VERSION='0.2'
ac_ct_CC='gcc'
am__EXEEXT_FALSE=''
am__EXEEXT_TRUE='#'
am__fastdepCC_FALSE='#'
am__fastdepCC_TRUE=''
am__include='include'
am__isrc=''
am__leading_dot='.'
am__nodep='_no'
am__quote=''
am__tar='$${TAR-tar} chof - "$$tardir"'
am__untar='$${TAR-tar} xf -'
bindir='${exec_prefix}/bin'
build='i686-pc-linux-gnu'
build_alias=''
build_cpu='i686'
build_os='linux-gnu'
build_vendor='pc'
datadir='${datarootdir}'
datarootdir='${prefix}/share'
docdir='${datarootdir}/doc/${PACKAGE_TARNAME}'
dvidir='${docdir}'
exec_prefix='${prefix}'
host='i686-pc-linux-gnu'
host_alias=''
host_cpu='i686'
host_os='linux-gnu'
host_vendor='pc'
htmldir='${docdir}'
includedir='${prefix}/include'
infodir='${datarootdir}/info'
install_sh='${SHELL} /home/dusan/projects/ldcopy/install-sh'
libdir='${exec_prefix}/lib'
libexecdir='${exec_prefix}/libexec'
localedir='${datarootdir}/locale'
localstatedir='${prefix}/var'
mandir='${datarootdir}/man'
mkdir_p='$(MKDIR_P)'
oldincludedir='/usr/include'
pdfdir='${docdir}'
prefix='/usr/local'
program_transform_name='s,x,x,'
psdir='${docdir}'
sbindir='${exec_prefix}/sbin'
sharedstatedir='${prefix}/com'
sysconfdir='${prefix}/etc'
target_alias=''

## ----------- ##
## confdefs.h. ##
## ----------- ##

/* confdefs.h */
#define PACKAGE_NAME "ldcopy"
#define PACKAGE_TARNAME "ldcopy"
#define PACKAGE_VERSION "0.2"
#define PACKAGE_STRING "ldcopy 0.2"
#define PACKAGE_BUGREPORT "chrootlinux@krehel.sk"
#define PACKAGE_URL ""
#define PACKAGE "ldcopy"
#define VERSION "0.2"
#define STDC_HEADERS 1
#define HAVE_SYS_TYPES_H 1
#define HAVE_SYS_STAT_H 1
#define HAVE_STDLIB_H 1
#define HAVE_STRING_H 1
#define HAVE_MEMORY_H 1
#define HAVE_STRINGS_H 1
#define HAVE_INTTYPES_H 1
#define HAVE_STDINT_H 1
#define HAVE_UNISTD_H 1
#define __EXTENSIONS__ 1
#define _ALL_SOURCE 1
#define _GNU_SOURCE 1
#define _POSIX_PTHREAD_SEMANTICS 1
#define _TANDEM_SOURCE 1

configure: exit 0
